# Generated by the VisualDSP++ IDDE (Wed Oct 24 22:34:59 2018)
# Project File: C:\Users\marce\Documents\VisualDSP Projects\BlackMath\BlackMath.dpj

"C:\Program Files (x86)\Analog Devices\VisualDSP 5.1.2\easmblkfn.exe" .\BlackMath_basiccrt.s -proc ADSP-BF592-A -file-attr ProjectName=BlackMath -si-revision 0.2 -o .\Release\BlackMath_basiccrt.doj -MM
"C:\Program Files (x86)\Analog Devices\VisualDSP 5.1.2\ccblkfn.exe" -c .\BlackMath.c -file-attr ProjectName=BlackMath -O -Ov100 -ipa -no-annotate -structs-do-not-overlap -no-multiline -double-size-32 -decls-strong -warn-protos -si-revision 0.2 -proc ADSP-BF592-A -o .\Release\BlackMath.doj -MM
".\BlackMath.c", line 38: cc1080: {D} warning: Function does not have a full
          prototype
    MicroOLED_writeS("Iniciando filtro 1...");
    ^

".\BlackMath.c", line 76: cc0111: {D} warning: statement is unreachable
  return 0;
  ^

"C:\Program Files (x86)\Analog Devices\VisualDSP 5.1.2\ccblkfn.exe" -c .\BlackMath_heaptab.c -file-attr ProjectName=BlackMath -O -Ov100 -ipa -no-annotate -structs-do-not-overlap -no-multiline -double-size-32 -decls-strong -warn-protos -si-revision 0.2 -proc ADSP-BF592-A -o .\Release\BlackMath_heaptab.doj -MM
"C:\Program Files (x86)\Analog Devices\VisualDSP 5.1.2\ccblkfn.exe" -c .\initBoard.c -file-attr ProjectName=BlackMath -O -Ov100 -ipa -no-annotate -structs-do-not-overlap -no-multiline -double-size-32 -decls-strong -warn-protos -si-revision 0.2 -proc ADSP-BF592-A -o .\Release\initBoard.doj -MM
"C:\Program Files (x86)\Analog Devices\VisualDSP 5.1.2\ccblkfn.exe" -c .\MicroOLED.c -file-attr ProjectName=BlackMath -O -Ov100 -ipa -no-annotate -structs-do-not-overlap -no-multiline -double-size-32 -decls-strong -warn-protos -si-revision 0.2 -proc ADSP-BF592-A -o .\Release\MicroOLED.doj -MM
".\MicroOLED.c", line 170: cc0167: {D} warning: argument of type "char *" is
          incompatible with parameter of type "unsigned char *"
  TWI_MasterMode_Write(0x3c, buffer, 1 ,2);
                             ^

".\MicroOLED.c", line 190: cc0167: {D} warning: argument of type "char *" is
          incompatible with parameter of type "unsigned char *"
  TWI_MasterMode_Write(0x3c, buffer, 1 ,2);
                             ^

".\MicroOLED.c", line 678: cc0186: {D} warning: pointless comparison of
          unsigned integer with zero
  if ((type>=TOTALFONTS) || (type<0))
                                 ^

"C:\Program Files (x86)\Analog Devices\VisualDSP 5.1.2\ccblkfn.exe" -c .\twi.c -file-attr ProjectName=BlackMath -O -Ov100 -ipa -no-annotate -structs-do-not-overlap -no-multiline -double-size-32 -decls-strong -warn-protos -si-revision 0.2 -proc ADSP-BF592-A -o .\Release\twi.doj -MM
"C:\Program Files (x86)\Analog Devices\VisualDSP 5.1.2\ccblkfn.exe" -c ..\..\..\Desktop\voice1_8kfs_16bit.c -file-attr ProjectName=BlackMath -O -Ov100 -ipa -no-annotate -structs-do-not-overlap -no-multiline -double-size-32 -decls-strong -warn-protos -si-revision 0.2 -proc ADSP-BF592-A -o .\Release\voice1_8kfs_16bit.doj -MM
"..\..\..\Desktop\voice1_8kfs_16bit.c", line 189: cc1374: {D} warning: excess
          initializers are ignored
  0xEA, 0xFE, 0xCC, 0x00, 0x7A, 0xFF, 0x01, 0xFF, 0x6B, 0xFE, 0x96, 0xFD,
                                                  ^

"C:\Program Files (x86)\Analog Devices\VisualDSP 5.1.2\ccblkfn.exe" .\Release\BlackMath.doj .\Release\BlackMath_basiccrt.doj .\Release\BlackMath_heaptab.doj .\Release\initBoard.doj .\Release\MicroOLED.doj .\Release\twi.doj .\Release\voice1_8kfs_16bit.doj -T .\BlackMath.ldf -flags-link -S -flags-link -ip -L .\Release -flags-link -MDUSER_CRT="BlackMath_basiccrt.doj",-MDUSE_FILEIO,-MD__cplusplus -flags-link -e -flags-link -od,.\Release -o .\Release\BlackMath.dxe -proc ADSP-BF592-A -si-revision 0.2 -flags-link -MM
prelinker: Recompiling .\BlackMath.c
".\BlackMath.c", line 38: cc1080: {D} warning: Function does not have a full
          prototype
    MicroOLED_writeS("Iniciando filtro 1...");
    ^

".\BlackMath.c", line 76: cc0111: {D} warning: statement is unreachable
  return 0;
  ^

prelinker: Recompiling .\initBoard.c
prelinker: Recompiling .\MicroOLED.c
".\MicroOLED.c", line 170: cc0167: {D} warning: argument of type "char *" is
          incompatible with parameter of type "unsigned char *"
  TWI_MasterMode_Write(0x3c, buffer, 1 ,2);
                             ^

".\MicroOLED.c", line 190: cc0167: {D} warning: argument of type "char *" is
          incompatible with parameter of type "unsigned char *"
  TWI_MasterMode_Write(0x3c, buffer, 1 ,2);
                             ^

".\MicroOLED.c", line 678: cc0186: {D} warning: pointless comparison of
          unsigned integer with zero
  if ((type>=TOTALFONTS) || (type<0))
                                 ^

prelinker: Recompiling .\twi.c
prelinker: Recompiling .\BlackMath.c
".\BlackMath.c", line 38: cc1080: {D} warning: Function does not have a full
          prototype
    MicroOLED_writeS("Iniciando filtro 1...");
    ^

".\BlackMath.c", line 76: cc0111: {D} warning: statement is unreachable
  return 0;
  ^

prelinker: Recompiling .\MicroOLED.c
".\MicroOLED.c", line 170: cc0167: {D} warning: argument of type "char *" is
          incompatible with parameter of type "unsigned char *"
  TWI_MasterMode_Write(0x3c, buffer, 1 ,2);
                             ^

".\MicroOLED.c", line 190: cc0167: {D} warning: argument of type "char *" is
          incompatible with parameter of type "unsigned char *"
  TWI_MasterMode_Write(0x3c, buffer, 1 ,2);
                             ^

".\MicroOLED.c", line 678: cc0186: {D} warning: pointless comparison of
          unsigned integer with zero
  if ((type>=TOTALFONTS) || (type<0))
                                 ^

