# Generated by the VisualDSP++ IDDE (Tue Aug 06 20:47:23 2019)
# Project File: C:\Users\marce\Documents\VisualDSP Projects\BlackMath\BlackMath.dpj

"C:\Program Files (x86)\Analog Devices\VisualDSP 5.1.1\ccblkfn.exe" -c .\BlackMath.c -file-attr ProjectName=BlackMath -O -Ov100 -ipa -no-annotate -structs-do-not-overlap -no-multiline -D__PROCESSOR_SPEED__=193000000 -double-size-32 -decls-strong -warn-protos -DDO_CYCLE_COUNTS -si-revision 0.2 -proc ADSP-BF592-A -o .\Debug\BlackMath.doj -MM
".\teste_fir/voice2_8kfs_16bit.h", line 2204: cc0001: {D} warning: last line
          of file ends without a newline
  #endif
        ^

".\BlackMath.c", line 52: cc1080: {D} warning: Function does not have a full
          prototype
    MicroOLED_writeS("GLU INICIANDO filtro 1...");
    ^

".\BlackMath.c", line 97: cc0181: {D} warning: argument is incompatible with
          corresponding format string conversion
  snprintf(texto,26,"Ciclos: %d",PM_EndCycles);
                                 ^

".\BlackMath.c", line 98: cc1080: {D} warning: Function does not have a full
          prototype
  MicroOLED_writeS(texto);
  ^

".\BlackMath.c", line 112: cc1080: {D} warning: Function does not have a full
          prototype
    MicroOLED_writeS("Iniciando filtro 2...");
    ^

".\BlackMath.c", line 139: cc0181: {D} warning: argument is incompatible with
          corresponding format string conversion
  snprintf(texto,26,"Ciclos: %d",PM_EndCycles);
                                 ^

".\BlackMath.c", line 140: cc1080: {D} warning: Function does not have a full
          prototype
  MicroOLED_writeS(texto);
  ^

".\BlackMath.c", line 164: cc0111: {D} warning: statement is unreachable
  return 0;
  ^

"C:\Program Files (x86)\Analog Devices\VisualDSP 5.1.1\ccblkfn.exe" .\Debug\BlackMath.doj .\Debug\BlackMath_basiccrt.doj .\Debug\BlackMath_heaptab.doj .\Debug\initBoard.doj .\Debug\MicroOLED.doj .\Debug\twi.doj -T .\BlackMath.ldf -flags-link -s -L .\Debug -flags-link -MDUSER_CRT="BlackMath_basiccrt.doj",-MDUSE_FILEIO,-MD__cplusplus -add-debug-libpaths -flags-link -od,.\Debug -o .\Debug\BlackMath.dxe -proc ADSP-BF592-A -si-revision 0.2 -flags-link -MM
"C:\Program Files (x86)\Analog Devices\VisualDSP 5.1.1\elfloader.exe" .\Debug\BlackMath.dxe -b UART -f BINARY -Width 8 -o .\Debug\BlackMath.ldr -si-revision 0.2 -proc ADSP-BF592-A -MM
